;  LST file generated by mikroListExporter - v.2.0 
; Date/Time: 8/6/2019 8:44:17 PM
;----------------------------------------------

;Address Opcode 	ASM
0x0000	0x2803      	GOTO       3
_main:
;base.c,1 :: 		void main()
;base.c,3 :: 		CMCON = 0x07; // To turn off comparators
0x0003	0x3007      	MOVLW      7
0x0004	0x1683      	BSF        STATUS, 5
0x0005	0x1303      	BCF        STATUS, 6
0x0006	0x009C      	MOVWF      CMCON
;base.c,4 :: 		ADCON1 = 0x06; // To turn off adc
0x0007	0x3006      	MOVLW      6
0x0008	0x009F      	MOVWF      ADCON1
;base.c,5 :: 		TRISB = 0x00; // Sets all pins in PORTB as output
0x0009	0x0186      	CLRF       TRISB
;base.c,6 :: 		PORTB = 1; // Set RB0 to high 00000001
0x000A	0x3001      	MOVLW      1
0x000B	0x1283      	BCF        STATUS, 5
0x000C	0x0086      	MOVWF      PORTB
;base.c,7 :: 		do // To set infinite loop
L_main0:
;base.c,9 :: 		Delay_ms(300); // 300 mili seconds delay
0x000D	0x3004      	MOVLW      4
0x000E	0x00FB      	MOVWF      R11
0x000F	0x300C      	MOVLW      12
0x0010	0x00FC      	MOVWF      R12
0x0011	0x3033      	MOVLW      51
0x0012	0x00FD      	MOVWF      R13
L_main3:
0x0013	0x0BFD      	DECFSZ     R13, 1
0x0014	0x2813      	GOTO       L_main3
0x0015	0x0BFC      	DECFSZ     R12, 1
0x0016	0x2813      	GOTO       L_main3
0x0017	0x0BFB      	DECFSZ     R11, 1
0x0018	0x2813      	GOTO       L_main3
0x0019	0x0000      	NOP
0x001A	0x0000      	NOP
;base.c,10 :: 		PORTB = PORTB<<1; //Shifting right by one bit
0x001B	0x0806      	MOVF       PORTB, 0
0x001C	0x00F0      	MOVWF      R0
0x001D	0x0DF0      	RLF        R0, 1
0x001E	0x1070      	BCF        R0, 0
0x001F	0x0870      	MOVF       R0, 0
0x0020	0x0086      	MOVWF      PORTB
;base.c,11 :: 		if(PORTB >= 0b10000000) //To reset to 00000001
0x0021	0x3080      	MOVLW      128
0x0022	0x0206      	SUBWF      PORTB, 0
0x0023	0x1C03      	BTFSS      STATUS, 0
0x0024	0x2834      	GOTO       L_main4
;base.c,13 :: 		Delay_ms(350); // 350 mili seconds delay
0x0025	0x3004      	MOVLW      4
0x0026	0x00FB      	MOVWF      R11
0x0027	0x308E      	MOVLW      142
0x0028	0x00FC      	MOVWF      R12
0x0029	0x3012      	MOVLW      18
0x002A	0x00FD      	MOVWF      R13
L_main5:
0x002B	0x0BFD      	DECFSZ     R13, 1
0x002C	0x282B      	GOTO       L_main5
0x002D	0x0BFC      	DECFSZ     R12, 1
0x002E	0x282B      	GOTO       L_main5
0x002F	0x0BFB      	DECFSZ     R11, 1
0x0030	0x282B      	GOTO       L_main5
0x0031	0x0000      	NOP
;base.c,14 :: 		PORTB = 1;
0x0032	0x3001      	MOVLW      1
0x0033	0x0086      	MOVWF      PORTB
;base.c,15 :: 		}
L_main4:
;base.c,16 :: 		}while(1); // To set infinite loop
0x0034	0x280D      	GOTO       L_main0
;base.c,17 :: 		}
L_end_main:
0x0035	0x2835      	GOTO       $+0
; end of _main
Symbol List:
//** Routines locations **
//ADDRESS    SIZE    PROCEDURE
//----------------------------------------------
0x0003      [51]    _main
//** Variables locations ** 
//ADDRESS    SIZE    VARIABLE
//----------------------------------------------
0x0000       [1]    INDF
0x0003       [1]    STATUS
0x0004       [1]    FSR
0x0006       [1]    PORTB
0x000A       [1]    PCLATH
0x0020       [2]    ___DoICPAddr
0x0070       [1]    R0
0x0071       [1]    R1
0x0072       [1]    R2
0x0073       [1]    R3
0x0074       [1]    R4
0x0075       [1]    R5
0x0076       [1]    R6
0x0077       [1]    R7
0x0078       [1]    R8
0x0079       [1]    R9
0x007A       [1]    R10
0x007B       [1]    R11
0x007C       [1]    R12
0x007D       [1]    R13
0x007E       [1]    R14
0x007F       [1]    R15
0x0086       [1]    TRISB
0x009C       [1]    CMCON
0x009F       [1]    ADCON1
