;  LST file generated by mikroListExporter - v.2.0 
; Date/Time: 8/6/2019 8:56:28 PM
;----------------------------------------------

;Address Opcode 	ASM
0x0000	0x2803      	GOTO       3
_main:
;base.c,1 :: 		void main()
;base.c,3 :: 		int i=0;
0x0003	0x1283      	BCF        STATUS, 5
0x0004	0x1303      	BCF        STATUS, 6
0x0005	0x01A2      	CLRF       main_i_L0
0x0006	0x01A3      	CLRF       main_i_L0+1
;base.c,4 :: 		TRISB = 0x00; // Sets all pins in PORTB as output
0x0007	0x1683      	BSF        STATUS, 5
0x0008	0x0186      	CLRF       TRISB
;base.c,6 :: 		do // To set infinite loop
L_main0:
;base.c,8 :: 		for(i=0;i<8;i++)
0x0009	0x1283      	BCF        STATUS, 5
0x000A	0x01A2      	CLRF       main_i_L0
0x000B	0x01A3      	CLRF       main_i_L0+1
L_main3:
0x000C	0x3080      	MOVLW      128
0x000D	0x0623      	XORWF      main_i_L0+1, 0
0x000E	0x00F0      	MOVWF      R0
0x000F	0x3080      	MOVLW      128
0x0010	0x0270      	SUBWF      R0, 0
0x0011	0x1D03      	BTFSS      STATUS, 2
0x0012	0x2815      	GOTO       L__main8
0x0013	0x3008      	MOVLW      8
0x0014	0x0222      	SUBWF      main_i_L0, 0
L__main8:
0x0015	0x1803      	BTFSC      STATUS, 0
0x0016	0x2835      	GOTO       L_main4
;base.c,10 :: 		PORTB = 1<<i; //Shifting right by one bit
0x0017	0x0822      	MOVF       main_i_L0, 0
0x0018	0x00F1      	MOVWF      R1
0x0019	0x3001      	MOVLW      1
0x001A	0x00F0      	MOVWF      R0
0x001B	0x0871      	MOVF       R1, 0
L__main9:
0x001C	0x1903      	BTFSC      STATUS, 2
0x001D	0x2822      	GOTO       L__main10
0x001E	0x0DF0      	RLF        R0, 1
0x001F	0x1070      	BCF        R0, 0
0x0020	0x3EFF      	ADDLW      255
0x0021	0x281C      	GOTO       L__main9
L__main10:
0x0022	0x0870      	MOVF       R0, 0
0x0023	0x0086      	MOVWF      PORTB
;base.c,11 :: 		Delay_ms(100);
0x0024	0x3002      	MOVLW      2
0x0025	0x00FB      	MOVWF      R11
0x0026	0x3004      	MOVLW      4
0x0027	0x00FC      	MOVWF      R12
0x0028	0x30BA      	MOVLW      186
0x0029	0x00FD      	MOVWF      R13
L_main6:
0x002A	0x0BFD      	DECFSZ     R13, 1
0x002B	0x282A      	GOTO       L_main6
0x002C	0x0BFC      	DECFSZ     R12, 1
0x002D	0x282A      	GOTO       L_main6
0x002E	0x0BFB      	DECFSZ     R11, 1
0x002F	0x282A      	GOTO       L_main6
0x0030	0x0000      	NOP
;base.c,8 :: 		for(i=0;i<8;i++)
0x0031	0x0AA2      	INCF       main_i_L0, 1
0x0032	0x1903      	BTFSC      STATUS, 2
0x0033	0x0AA3      	INCF       main_i_L0+1, 1
;base.c,12 :: 		}
0x0034	0x280C      	GOTO       L_main3
L_main4:
;base.c,13 :: 		}while(1); // To set infinite loop
0x0035	0x2809      	GOTO       L_main0
;base.c,14 :: 		}
L_end_main:
0x0036	0x2836      	GOTO       $+0
; end of _main
Symbol List:
//** Routines locations **
//ADDRESS    SIZE    PROCEDURE
//----------------------------------------------
0x0003      [52]    _main
//** Variables locations ** 
//ADDRESS    SIZE    VARIABLE
//----------------------------------------------
0x0000       [1]    INDF
0x0003       [1]    STATUS
0x0004       [1]    FSR
0x0006       [1]    PORTB
0x000A       [1]    PCLATH
0x0020       [2]    ___DoICPAddr
0x0022       [2]    main_i_L0
0x0070       [1]    R0
0x0071       [1]    R1
0x0072       [1]    R2
0x0073       [1]    R3
0x0074       [1]    R4
0x0075       [1]    R5
0x0076       [1]    R6
0x0077       [1]    R7
0x0078       [1]    R8
0x0079       [1]    R9
0x007A       [1]    R10
0x007B       [1]    R11
0x007C       [1]    R12
0x007D       [1]    R13
0x007E       [1]    R14
0x007F       [1]    R15
0x0086       [1]    TRISB
