;  LST file generated by mikroListExporter - v.2.0 
; Date/Time: 8/6/2019 8:25:48 PM
;----------------------------------------------

;Address Opcode 	ASM
0x0000	0x2803      	GOTO       3
_main:
;Base.c,1 :: 		void main()
;Base.c,3 :: 		TRISB = 0x00; //Makes PORTB0 or RB0 Output Pin
0x0003	0x1683      	BSF        STATUS, 5
0x0004	0x1303      	BCF        STATUS, 6
0x0005	0x0186      	CLRF       TRISB
;Base.c,5 :: 		while(1) //Infinite Loop
L_main0:
;Base.c,7 :: 		PORTB = 0x01; //LED ON
0x0006	0x3001      	MOVLW      1
0x0007	0x1283      	BCF        STATUS, 5
0x0008	0x0086      	MOVWF      PORTB
;Base.c,8 :: 		Delay_ms(1000); //1 Second Delay
0x0009	0x300B      	MOVLW      11
0x000A	0x00FB      	MOVWF      R11
0x000B	0x3026      	MOVLW      38
0x000C	0x00FC      	MOVWF      R12
0x000D	0x305D      	MOVLW      93
0x000E	0x00FD      	MOVWF      R13
L_main2:
0x000F	0x0BFD      	DECFSZ     R13, 1
0x0010	0x280F      	GOTO       L_main2
0x0011	0x0BFC      	DECFSZ     R12, 1
0x0012	0x280F      	GOTO       L_main2
0x0013	0x0BFB      	DECFSZ     R11, 1
0x0014	0x280F      	GOTO       L_main2
0x0015	0x0000      	NOP
0x0016	0x0000      	NOP
;Base.c,9 :: 		PORTB = 0x00; //LED OFF
0x0017	0x0186      	CLRF       PORTB
;Base.c,10 :: 		Delay_ms(1000); //1 Second Delay
0x0018	0x300B      	MOVLW      11
0x0019	0x00FB      	MOVWF      R11
0x001A	0x3026      	MOVLW      38
0x001B	0x00FC      	MOVWF      R12
0x001C	0x305D      	MOVLW      93
0x001D	0x00FD      	MOVWF      R13
L_main3:
0x001E	0x0BFD      	DECFSZ     R13, 1
0x001F	0x281E      	GOTO       L_main3
0x0020	0x0BFC      	DECFSZ     R12, 1
0x0021	0x281E      	GOTO       L_main3
0x0022	0x0BFB      	DECFSZ     R11, 1
0x0023	0x281E      	GOTO       L_main3
0x0024	0x0000      	NOP
0x0025	0x0000      	NOP
;Base.c,11 :: 		}
0x0026	0x2806      	GOTO       L_main0
;Base.c,12 :: 		}
L_end_main:
0x0027	0x2827      	GOTO       $+0
; end of _main
Symbol List:
//** Routines locations **
//ADDRESS    SIZE    PROCEDURE
//----------------------------------------------
0x0003      [37]    _main
//** Variables locations ** 
//ADDRESS    SIZE    VARIABLE
//----------------------------------------------
0x0000       [1]    INDF
0x0003       [1]    STATUS
0x0004       [1]    FSR
0x0006       [1]    PORTB
0x000A       [1]    PCLATH
0x0020       [2]    ___DoICPAddr
0x0070       [1]    R0
0x0071       [1]    R1
0x0072       [1]    R2
0x0073       [1]    R3
0x0074       [1]    R4
0x0075       [1]    R5
0x0076       [1]    R6
0x0077       [1]    R7
0x0078       [1]    R8
0x0079       [1]    R9
0x007A       [1]    R10
0x007B       [1]    R11
0x007C       [1]    R12
0x007D       [1]    R13
0x007E       [1]    R14
0x007F       [1]    R15
0x0086       [1]    TRISB
