;  LST file generated by mikroListExporter - v.2.0 
; Date/Time: 8/7/2019 9:19:29 AM
;----------------------------------------------

;Address Opcode 	ASM
0x0000	0x2803      	GOTO       3
_main:
;MyProject.c,1 :: 		void main()
;MyProject.c,3 :: 		TRISA.F1 = 1; //Configure 1st bit of PORTD as input
0x0003	0x1683      	BSF        STATUS, 5
0x0004	0x1303      	BCF        STATUS, 6
0x0005	0x1485      	BSF        TRISA, 1
;MyProject.c,4 :: 		TRISB.F0 = 0; //Configure 1st bit of PORTB as output
0x0006	0x1006      	BCF        TRISB, 0
;MyProject.c,5 :: 		PORTB.F1 = 0; //LED OFF
0x0007	0x1283      	BCF        STATUS, 5
0x0008	0x1086      	BCF        PORTB, 1
;MyProject.c,6 :: 		do
L_main0:
;MyProject.c,8 :: 		if(PORTA.F1 == 0)   //If the switch is pressed
0x0009	0x1885      	BTFSC      PORTA, 1
0x000A	0x280C      	GOTO       L_main3
;MyProject.c,10 :: 		PORTB.F0 = 1; //LED ON
0x000B	0x1406      	BSF        PORTB, 0
;MyProject.c,11 :: 		}
L_main3:
;MyProject.c,12 :: 		if(PORTA.F1 == 1)   //If the switch is not pressed
0x000C	0x1C85      	BTFSS      PORTA, 1
0x000D	0x280F      	GOTO       L_main4
;MyProject.c,14 :: 		PORTB.F0 = 0; //LED ON
0x000E	0x1006      	BCF        PORTB, 0
;MyProject.c,15 :: 		}
L_main4:
;MyProject.c,16 :: 		}while(1);
0x000F	0x2809      	GOTO       L_main0
;MyProject.c,17 :: 		}
L_end_main:
0x0010	0x2810      	GOTO       $+0
; end of _main
Symbol List:
//** Routines locations **
//ADDRESS    SIZE    PROCEDURE
//----------------------------------------------
0x0003      [14]    _main
//** Variables locations ** 
//ADDRESS    SIZE    VARIABLE
//----------------------------------------------
0x0000       [1]    INDF
0x0003       [1]    STATUS
0x0004       [1]    FSR
0x0005       [1]    PORTA
0x0006       [1]    PORTB
0x000A       [1]    PCLATH
0x0020       [2]    ___DoICPAddr
0x0070       [1]    R0
0x0071       [1]    R1
0x0072       [1]    R2
0x0073       [1]    R3
0x0074       [1]    R4
0x0075       [1]    R5
0x0076       [1]    R6
0x0077       [1]    R7
0x0078       [1]    R8
0x0079       [1]    R9
0x007A       [1]    R10
0x007B       [1]    R11
0x007C       [1]    R12
0x007D       [1]    R13
0x007E       [1]    R14
0x007F       [1]    R15
0x0085       [1]    TRISA
0x0086       [1]    TRISB
