;  LST file generated by mikroListExporter - v.2.0 
; Date/Time: 18-08-2019 02:22:34
;----------------------------------------------

;Address Opcode 	ASM
0x0000	0x281A      	GOTO       26
_Interrupt:
0x0004	0x00FF      	MOVWF      R15
0x0005	0x0E03      	SWAPF      STATUS, 0
0x0006	0x0183      	CLRF       STATUS
0x0007	0x00A2      	MOVWF      ___saveSTATUS
0x0008	0x080A      	MOVF       PCLATH, 0
0x0009	0x00A3      	MOVWF      ___savePCLATH
0x000A	0x018A      	CLRF       PCLATH
;Timer1_Interrupt.c,2 :: 		void Interrupt(){
;Timer1_Interrupt.c,3 :: 		if (TMR1IF_bit){
0x000B	0x1C0C      	BTFSS      TMR1IF_bit, BitPos(TMR1IF_bit+0)
0x000C	0x2813      	GOTO       L_Interrupt0
;Timer1_Interrupt.c,4 :: 		TMR1IF_bit = 0;
0x000D	0x100C      	BCF        TMR1IF_bit, BitPos(TMR1IF_bit+0)
;Timer1_Interrupt.c,5 :: 		TMR1H	 = 0x3C;
0x000E	0x303C      	MOVLW      60
0x000F	0x008F      	MOVWF      TMR1H
;Timer1_Interrupt.c,6 :: 		TMR1L	 = 0xB0;
0x0010	0x30B0      	MOVLW      176
0x0011	0x008E      	MOVWF      TMR1L
;Timer1_Interrupt.c,7 :: 		PORTB  = ~PORTB;
0x0012	0x0986      	COMF       PORTB, 1
;Timer1_Interrupt.c,8 :: 		}
L_Interrupt0:
;Timer1_Interrupt.c,9 :: 		}
L_end_Interrupt:
L__Interrupt5:
0x0013	0x0823      	MOVF       ___savePCLATH, 0
0x0014	0x008A      	MOVWF      PCLATH
0x0015	0x0E22      	SWAPF      ___saveSTATUS, 0
0x0016	0x0083      	MOVWF      STATUS
0x0017	0x0EFF      	SWAPF      R15, 1
0x0018	0x0E7F      	SWAPF      R15, 0
0x0019	0x0009      	RETFIE
; end of _Interrupt
_main:
;Timer1_Interrupt.c,11 :: 		void main()
;Timer1_Interrupt.c,13 :: 		ANSEL  = 0;                 // Configure AN pins as digital
0x001A	0x1683      	BSF        STATUS, 5
0x001B	0x1703      	BSF        STATUS, 6
0x001C	0x0188      	CLRF       ANSEL
;Timer1_Interrupt.c,14 :: 		ANSELH = 0;
0x001D	0x0189      	CLRF       ANSELH
;Timer1_Interrupt.c,15 :: 		C1ON_bit = 0;               // Disable comparators
0x001E	0x1283      	BCF        STATUS, 5
0x001F	0x1387      	BCF        C1ON_bit, BitPos(C1ON_bit+0)
;Timer1_Interrupt.c,16 :: 		C2ON_bit = 0;
0x0020	0x1388      	BCF        C2ON_bit, BitPos(C2ON_bit+0)
;Timer1_Interrupt.c,17 :: 		PORTB = 0xFF;               // Initialize PORTB
0x0021	0x30FF      	MOVLW      255
0x0022	0x0086      	MOVWF      PORTB
;Timer1_Interrupt.c,18 :: 		TRISB = 0;                  // PORTB is output
0x0023	0x1683      	BSF        STATUS, 5
0x0024	0x1303      	BCF        STATUS, 6
0x0025	0x0186      	CLRF       TRISB
;Timer1_Interrupt.c,19 :: 		T1CON	 = 0x21;
0x0026	0x3021      	MOVLW      33
0x0027	0x1283      	BCF        STATUS, 5
0x0028	0x0090      	MOVWF      T1CON
;Timer1_Interrupt.c,20 :: 		TMR1IF_bit	 = 0;
0x0029	0x100C      	BCF        TMR1IF_bit, BitPos(TMR1IF_bit+0)
;Timer1_Interrupt.c,21 :: 		TMR1H	 = 0x3C;
0x002A	0x303C      	MOVLW      60
0x002B	0x008F      	MOVWF      TMR1H
;Timer1_Interrupt.c,22 :: 		TMR1L	 = 0xB0;
0x002C	0x30B0      	MOVLW      176
0x002D	0x008E      	MOVWF      TMR1L
;Timer1_Interrupt.c,23 :: 		TMR1IE_bit	 = 1;
0x002E	0x1683      	BSF        STATUS, 5
0x002F	0x140C      	BSF        TMR1IE_bit, BitPos(TMR1IE_bit+0)
;Timer1_Interrupt.c,24 :: 		INTCON	 = 0xC0;
0x0030	0x30C0      	MOVLW      192
0x0031	0x008B      	MOVWF      INTCON
;Timer1_Interrupt.c,26 :: 		do {
L_main1:
;Timer1_Interrupt.c,27 :: 		} while (1);
0x0032	0x2832      	GOTO       L_main1
;Timer1_Interrupt.c,28 :: 		}
L_end_main:
0x0033	0x2833      	GOTO       $+0
; end of _main
Symbol List:
//** Routines locations **
//ADDRESS    SIZE    PROCEDURE
//----------------------------------------------
0x0004      [22]    _Interrupt
0x001A      [26]    _main
//** Variables locations ** 
//ADDRESS    SIZE    VARIABLE
//----------------------------------------------
0x0000       [1]    INDF
0x0003       [1]    STATUS
0x0004       [1]    FSR
0x0006       [1]    PORTB
0x000A       [1]    PCLATH
0x000B       [1]    INTCON
0x000C       [0]    TMR1IF_bit
0x000E       [1]    TMR1L
0x000F       [1]    TMR1H
0x0010       [1]    T1CON
0x0020       [2]    ___DoICPAddr
0x0022       [1]    ___saveSTATUS
0x0023       [1]    ___savePCLATH
0x0070       [1]    R0
0x0071       [1]    R1
0x0072       [1]    R2
0x0073       [1]    R3
0x0074       [1]    R4
0x0075       [1]    R5
0x0076       [1]    R6
0x0077       [1]    R7
0x0078       [1]    R8
0x0079       [1]    R9
0x007A       [1]    R10
0x007B       [1]    R11
0x007C       [1]    R12
0x007D       [1]    R13
0x007E       [1]    R14
0x007F       [1]    R15
0x0086       [1]    TRISB
0x008C       [0]    TMR1IE_bit
0x0107       [0]    C1ON_bit
0x0108       [0]    C2ON_bit
0x0188       [1]    ANSEL
0x0189       [1]    ANSELH
